[debug] [2021-10-12T11:47:38.689Z] ----------------------------------------------------------------------
[debug] [2021-10-12T11:47:38.694Z] Command:       C:\Program Files\nodejs\node.exe C:\Users\Asus\AppData\Roaming\npm\node_modules\firebase-tools\lib\bin\firebase.js init
[debug] [2021-10-12T11:47:38.695Z] CLI Version:   9.20.0
[debug] [2021-10-12T11:47:38.695Z] Platform:      win32
[debug] [2021-10-12T11:47:38.695Z] Node Version:  v14.17.2
[debug] [2021-10-12T11:47:38.698Z] Time:          Tue Oct 12 2021 17:17:38 GMT+0530 (India Standard Time)
[debug] [2021-10-12T11:47:38.698Z] ----------------------------------------------------------------------
[debug] 
[debug] [2021-10-12T11:47:38.705Z] >>> [apiv2][query] GET https://firebase-public.firebaseio.com/cli.json [none]
[debug] [2021-10-12T11:47:38.754Z] > command requires scopes: ["email","openid","https://www.googleapis.com/auth/cloudplatformprojects.readonly","https://www.googleapis.com/auth/firebase","https://www.googleapis.com/auth/cloud-platform"]
[debug] [2021-10-12T11:47:38.754Z] > authorizing via signed-in user (tipusam1995@gmail.com)
[info] 
     ######## #### ########  ######## ########     ###     ######  ########
     ##        ##  ##     ## ##       ##     ##  ##   ##  ##       ##
     ######    ##  ########  ######   ########  #########  ######  ######
     ##        ##  ##    ##  ##       ##     ## ##     ##       ## ##
     ##       #### ##     ## ######## ########  ##     ##  ######  ########

You're about to initialize a Firebase project in this directory:

  C:\Users\Asus\facebook_ui_codemancer

[debug] [2021-10-12T11:47:40.599Z] <<< [apiv2][status] GET https://firebase-public.firebaseio.com/cli.json 200
[debug] [2021-10-12T11:47:40.599Z] <<< [apiv2][body] GET https://firebase-public.firebaseio.com/cli.json {"cloudBuildErrorAfter":1594252800000,"cloudBuildWarnAfter":1590019200000,"defaultNode10After":1594252800000,"minVersion":"3.0.5","node8DeploysDisabledAfter":1613390400000,"node8RuntimeDisabledAfter":1615809600000,"node8WarnAfter":1600128000000}
